"../../../Engine/Content/EngineMeshes/Humanoid.uasset" 0
"../../../Engine/Content/EngineMeshes/Humanoid.uexp" 1
"D:/projects/STU/Content/External_Content/Characters/HeroTPP/HeroTPP_Skeleton.uasset" 2
"D:/projects/STU/Content/External_Content/Characters/HeroTPP/HeroTPP_Skeleton.uexp" 3
"../../../Engine/Content/Animation/DefaultAnimCurveCompressionSettings.uasset" 4
"../../../Engine/Content/Animation/DefaultAnimCurveCompressionSettings.uexp" 5
"../../../Engine/Content/Animation/DefaultAnimBoneCompressionSettings.uasset" 6
"../../../Engine/Content/Animation/DefaultAnimBoneCompressionSettings.uexp" 7
"D:/projects/STU/Content/External_Content/Animations/TTP_Animations/Idle.uasset" 8
"D:/projects/STU/Content/External_Content/Animations/TTP_Animations/Idle.uexp" 9
"D:/projects/STU/Content/External_Content/Animations/TTP_Animations/AimOffsetDown.uasset" 10
"D:/projects/STU/Content/External_Content/Animations/TTP_Animations/AimOffsetDown.uexp" 11
"D:/projects/STU/Content/External_Content/Animations/TTP_Animations/AimOffsetFwd.uasset" 12
"D:/projects/STU/Content/External_Content/Animations/TTP_Animations/AimOffsetFwd.uexp" 13
"D:/projects/STU/Content/External_Content/Animations/TTP_Animations/AimOffsetLeft.uasset" 14
"D:/projects/STU/Content/External_Content/Animations/TTP_Animations/AimOffsetLeft.uexp" 15
"D:/projects/STU/Content/External_Content/Animations/TTP_Animations/AimOffsetLeftDown.uasset" 16
"D:/projects/STU/Content/External_Content/Animations/TTP_Animations/AimOffsetLeftDown.uexp" 17
"D:/projects/STU/Content/External_Content/Animations/TTP_Animations/AimOffsetLeftUp.uasset" 18
"D:/projects/STU/Content/External_Content/Animations/TTP_Animations/AimOffsetLeftUp.uexp" 19
"D:/projects/STU/Content/External_Content/Animations/TTP_Animations/AimOffsetRight.uasset" 20
"D:/projects/STU/Content/External_Content/Animations/TTP_Animations/AimOffsetRight.uexp" 21
"D:/projects/STU/Content/External_Content/Animations/TTP_Animations/AimOffsetRightDown.uasset" 22
"D:/projects/STU/Content/External_Content/Animations/TTP_Animations/AimOffsetRightDown.uexp" 23
"D:/projects/STU/Content/External_Content/Animations/TTP_Animations/AimOffsetRightUp.uasset" 24
"D:/projects/STU/Content/External_Content/Animations/TTP_Animations/AimOffsetRightUp.uexp" 25
"D:/projects/STU/Content/External_Content/Animations/TTP_Animations/AimOffsetUp.uasset" 26
"D:/projects/STU/Content/External_Content/Animations/TTP_Animations/AimOffsetUp.uexp" 27
"D:/projects/STU/Content/External_Content/Animations/TTP_Animations/Death.uasset" 28
"D:/projects/STU/Content/External_Content/Animations/TTP_Animations/Death.uexp" 29
"D:/projects/STU/Content/External_Content/Animations/TTP_Animations/Equip.uasset" 30
"D:/projects/STU/Content/External_Content/Animations/TTP_Animations/Equip.uexp" 31
"D:/projects/STU/Content/External_Content/Animations/TTP_Animations/Launcher_Reload.uasset" 32
"D:/projects/STU/Content/External_Content/Animations/TTP_Animations/Launcher_Reload.uexp" 33
"D:/projects/STU/Content/External_Content/Animations/TTP_Animations/Reload.uasset" 34
"D:/projects/STU/Content/External_Content/Animations/TTP_Animations/Reload.uexp" 35
"D:/projects/STU/Content/External_Content/Environment/PhysicalMaterials/M_BodyDamage.uasset" 36
"D:/projects/STU/Content/External_Content/Environment/PhysicalMaterials/M_BodyDamage.uexp" 37
"D:/projects/STU/Content/External_Content/Environment/Textures/T_Vista_Grass_N.uasset" 38
"D:/projects/STU/Content/External_Content/Environment/Textures/T_Vista_Grass_N.uexp" 39
"D:/projects/STU/Content/External_Content/Environment/Textures/T_Vista_Grass_N.ubulk" 40
"../../../Engine/Content/EngineMaterials/T_Default_Material_Grid_N.uasset" 41
"../../../Engine/Content/EngineMaterials/T_Default_Material_Grid_N.uexp" 42
"../../../Engine/Content/EngineMaterials/T_Default_Material_Grid_N.ubulk" 43
"../../../Engine/Content/EngineMaterials/T_Default_Material_Grid_M.uasset" 44
"../../../Engine/Content/EngineMaterials/T_Default_Material_Grid_M.uexp" 45
"../../../Engine/Content/EngineMaterials/T_Default_Material_Grid_M.ubulk" 46
"../../../Engine/Content/Functions/Engine_MaterialFunctions01/Opacity/CameraDepthFade.uasset" 47
"../../../Engine/Content/Functions/Engine_MaterialFunctions01/Opacity/CameraDepthFade.uexp" 48
"../../../Engine/Content/EngineMaterials/WorldGridMaterial.uasset" 49
"../../../Engine/Content/EngineMaterials/WorldGridMaterial.uexp" 50
"../../../Engine/Content/ArtTools/RenderToTexture/Meshes/S_1_Unit_Plane.uasset" 51
"../../../Engine/Content/ArtTools/RenderToTexture/Meshes/S_1_Unit_Plane.uexp" 52
"../../../Engine/Content/EngineMaterials/DefaultMaterial.uasset" 53
"../../../Engine/Content/EngineMaterials/DefaultMaterial.uexp" 54
"../../../Engine/Content/BasicShapes/Cone.uasset" 55
"../../../Engine/Content/BasicShapes/Cone.uexp" 56
"../../../Engine/Content/BasicShapes/Cube.uasset" 57
"../../../Engine/Content/BasicShapes/Cube.uexp" 58
"../../../Engine/Content/BasicShapes/Plane.uasset" 59
"../../../Engine/Content/BasicShapes/Plane.uexp" 60
"../../../Engine/Content/BasicShapes/Sphere.uasset" 61
"../../../Engine/Content/BasicShapes/Sphere.uexp" 62
"../../../Engine/Content/EditorLandscapeResources/DataLayer.uasset" 63
"../../../Engine/Content/EditorLandscapeResources/DataLayer.uexp" 64
"../../../Engine/Content/EditorLandscapeResources/DefaultAlphaTexture.uasset" 65
"../../../Engine/Content/EditorLandscapeResources/DefaultAlphaTexture.uexp" 66
"../../../Engine/Content/EditorMaterials/MAT_Groups_Toggle.uasset" 67
"../../../Engine/Content/EditorMaterials/MAT_Groups_Toggle.uexp" 68
"../../../Engine/Content/EditorMaterials/MAT_Groups_Visibility.uasset" 69
"../../../Engine/Content/EditorMaterials/MAT_Groups_Visibility.uexp" 70
"../../../Engine/Content/EditorMaterials/PreviewShadowIndicator.uasset" 71
"../../../Engine/Content/EditorMaterials/PreviewShadowIndicator.uexp" 72
"../../../Engine/Content/EditorMaterials/PreviewShadowIndicator.ubulk" 73
"../../../Engine/Content/EditorMaterials/PreviewShadowIndicatorMaterial.uasset" 74
"../../../Engine/Content/EditorMaterials/PreviewShadowIndicatorMaterial.uexp" 75
"../../../Engine/Content/EditorMaterials/MatineeGroups/MAT_ColorTrack.uasset" 76
"../../../Engine/Content/EditorMaterials/MatineeGroups/MAT_ColorTrack.uexp" 77
"../../../Engine/Content/EditorMaterials/MatineeGroups/MAT_Groups_Anim.uasset" 78
"../../../Engine/Content/EditorMaterials/MatineeGroups/MAT_Groups_Anim.uexp" 79
"../../../Engine/Content/EditorMaterials/MatineeGroups/MAT_Groups_AudioMaster.uasset" 80
"../../../Engine/Content/EditorMaterials/MatineeGroups/MAT_Groups_AudioMaster.uexp" 81
"../../../Engine/Content/EditorMaterials/MatineeGroups/MAT_Groups_Director.uasset" 82
"../../../Engine/Content/EditorMaterials/MatineeGroups/MAT_Groups_Director.uexp" 83
"../../../Engine/Content/EditorMaterials/MatineeGroups/MAT_Groups_Event.uasset" 84
"../../../Engine/Content/EditorMaterials/MatineeGroups/MAT_Groups_Event.uexp" 85
"../../../Engine/Content/EditorMaterials/MatineeGroups/MAT_Groups_Fade.uasset" 86
"../../../Engine/Content/EditorMaterials/MatineeGroups/MAT_Groups_Fade.uexp" 87
"../../../Engine/Content/EditorMaterials/MatineeGroups/MAT_Groups_Float.uasset" 88
"../../../Engine/Content/EditorMaterials/MatineeGroups/MAT_Groups_Float.uexp" 89
"../../../Engine/Content/EditorMaterials/MatineeGroups/MAT_Groups_Move.uasset" 90
"../../../Engine/Content/EditorMaterials/MatineeGroups/MAT_Groups_Move.uexp" 91
"../../../Engine/Content/EditorMaterials/MatineeGroups/MAT_Groups_Slomo.uasset" 92
"../../../Engine/Content/EditorMaterials/MatineeGroups/MAT_Groups_Slomo.uexp" 93
"../../../Engine/Content/EditorMaterials/MatineeGroups/MAT_Groups_Sound.uasset" 94
"../../../Engine/Content/EditorMaterials/MatineeGroups/MAT_Groups_Sound.uexp" 95
"../../../Engine/Content/EditorMaterials/MatineeGroups/MAT_Groups_Vector.uasset" 96
"../../../Engine/Content/EditorMaterials/MatineeGroups/MAT_Groups_Vector.uexp" 97
"../../../Engine/Content/EditorMaterials/ParticleSystems/PSysThumbnail_NoImage.uasset" 98
"../../../Engine/Content/EditorMaterials/ParticleSystems/PSysThumbnail_NoImage.uexp" 99
"../../../Engine/Content/EditorMaterials/ParticleSystems/PSysThumbnail_NoImage.ubulk" 100
"../../../Engine/Content/EditorMaterials/ParticleSystems/PSysThumbnail_OOD.uasset" 101
"../../../Engine/Content/EditorMaterials/ParticleSystems/PSysThumbnail_OOD.uexp" 102
"../../../Engine/Content/EditorMaterials/ParticleSystems/PSysThumbnail_OOD.ubulk" 103
"../../../Engine/Content/EditorMaterials/Camera/CineMat.uasset" 104
"../../../Engine/Content/EditorMaterials/Camera/CineMat.uexp" 105
"../../../Engine/Content/EditorMaterials/Camera/MI_CineMat_Rig.uasset" 106
"../../../Engine/Content/EditorMaterials/Camera/MI_CineMat_Rig.uexp" 107
"../../../Engine/Content/EditorMeshes/Camera/SM_CraneRig_Arm.uasset" 108
"../../../Engine/Content/EditorMeshes/Camera/SM_CraneRig_Arm.uexp" 109
"../../../Engine/Content/EditorMeshes/Camera/SM_CraneRig_Base.uasset" 110
"../../../Engine/Content/EditorMeshes/Camera/SM_CraneRig_Base.uexp" 111
"../../../Engine/Content/EditorMeshes/Camera/SM_CraneRig_Body.uasset" 112
"../../../Engine/Content/EditorMeshes/Camera/SM_CraneRig_Body.uexp" 113
"../../../Engine/Content/EditorMeshes/Camera/SM_CraneRig_Mount.uasset" 114
"../../../Engine/Content/EditorMeshes/Camera/SM_CraneRig_Mount.uexp" 115
"../../../Engine/Content/EditorMeshes/Camera/SM_RailRig_Mount.uasset" 116
"../../../Engine/Content/EditorMeshes/Camera/SM_RailRig_Mount.uexp" 117
"../../../Engine/Content/EditorMeshes/Camera/SM_RailRig_Track.uasset" 118
"../../../Engine/Content/EditorMeshes/Camera/SM_RailRig_Track.uexp" 119
"../../../Engine/Content/EditorResources/BSPVertex.uasset" 120
"../../../Engine/Content/EditorResources/BSPVertex.uexp" 121
"../../../Engine/Content/EditorResources/EmptyActor.uasset" 122
"../../../Engine/Content/EditorResources/EmptyActor.uexp" 123
"../../../Engine/Content/EditorResources/S_Actor.uasset" 124
"../../../Engine/Content/EditorResources/S_Actor.uexp" 125
"../../../Engine/Content/EditorResources/S_Actor.ubulk" 126
"../../../Engine/Content/EditorResources/S_Note.uasset" 127
"../../../Engine/Content/EditorResources/S_Note.uexp" 128
"../../../Engine/Content/EditorResources/S_Note.ubulk" 129
"../../../Engine/Content/EditorResources/S_Solver.uasset" 130
"../../../Engine/Content/EditorResources/S_Solver.uexp" 131
"../../../Engine/Content/EditorResources/S_Solver.ubulk" 132
"../../../Engine/Content/EditorResources/S_Terrain.uasset" 133
"../../../Engine/Content/EditorResources/S_Terrain.uexp" 134
"../../../Engine/Content/EditorResources/S_Terrain.ubulk" 135
"../../../Engine/Content/EditorResources/S_Trigger.uasset" 136
"../../../Engine/Content/EditorResources/S_Trigger.uexp" 137
"../../../Engine/Content/EditorResources/S_Trigger.ubulk" 138
"../../../Engine/Content/EditorResources/LightIcons/S_LightError.uasset" 139
"../../../Engine/Content/EditorResources/LightIcons/S_LightError.uexp" 140
"../../../Engine/Content/EditorResources/SequenceRecorder/Countdown.uasset" 141
"../../../Engine/Content/EditorResources/SequenceRecorder/Countdown.uexp" 142
"../../../Engine/Content/EditorResources/SequenceRecorder/RecordingIndicator.uasset" 143
"../../../Engine/Content/EditorResources/SequenceRecorder/RecordingIndicator.uexp" 144
"../../../Engine/Content/EngineDamageTypes/DmgTypeBP_Environmental.uasset" 145
"../../../Engine/Content/EngineDamageTypes/DmgTypeBP_Environmental.uexp" 146
"../../../Engine/Content/EngineDebugMaterials/DebugEditorMaterial.uasset" 147
"../../../Engine/Content/EngineDebugMaterials/DebugEditorMaterial.uexp" 148
"../../../Engine/Content/EngineDebugMaterials/DebugMeshMaterial.uasset" 149
"../../../Engine/Content/EngineDebugMaterials/DebugMeshMaterial.uexp" 150
"../../../Engine/Content/EngineDebugMaterials/M_SimpleUnlitTranslucent.uasset" 151
"../../../Engine/Content/EngineDebugMaterials/M_SimpleUnlitTranslucent.uexp" 152
"../../../Engine/Content/EngineDebugMaterials/VolumeToRender.uasset" 153
"../../../Engine/Content/EngineDebugMaterials/VolumeToRender.uexp" 154
"../../../Engine/Content/Functions/Engine_MaterialFunctions02/Utility/CameraDirectionVector.uasset" 155
"../../../Engine/Content/Functions/Engine_MaterialFunctions02/Utility/CameraDirectionVector.uexp" 156
"../../../Engine/Content/EngineDebugMaterials/M_VolumeRenderSphereTracePP.uasset" 157
"../../../Engine/Content/EngineDebugMaterials/M_VolumeRenderSphereTracePP.uexp" 158
"../../../Engine/Content/Functions/Engine_MaterialFunctions01/Shading/ConvertFromDiffSpec.uasset" 159
"../../../Engine/Content/Functions/Engine_MaterialFunctions01/Shading/ConvertFromDiffSpec.uexp" 160
"../../../Engine/Content/EngineDebugMaterials/VertexColorMaterial.uasset" 161
"../../../Engine/Content/EngineDebugMaterials/VertexColorMaterial.uexp" 162
"../../../Engine/Content/EngineDebugMaterials/WireframeMaterial.uasset" 163
"../../../Engine/Content/EngineDebugMaterials/WireframeMaterial.uexp" 164
"../../../Engine/Content/EngineFonts/Faces/RobotoRegular.uasset" 165
"../../../Engine/Content/EngineFonts/Faces/RobotoRegular.uexp" 166
"../../../Engine/Content/EngineFonts/Faces/RobotoRegular.ufont" 167
"../../../Engine/Content/EngineFonts/Faces/RobotoLight.uasset" 168
"../../../Engine/Content/EngineFonts/Faces/RobotoLight.uexp" 169
"../../../Engine/Content/EngineFonts/Faces/RobotoLight.ufont" 170
"../../../Engine/Content/EngineFonts/Faces/RobotoItalic.uasset" 171
"../../../Engine/Content/EngineFonts/Faces/RobotoItalic.uexp" 172
"../../../Engine/Content/EngineFonts/Faces/RobotoItalic.ufont" 173
"../../../Engine/Content/EngineFonts/Faces/RobotoBoldItalic.uasset" 174
"../../../Engine/Content/EngineFonts/Faces/RobotoBoldItalic.uexp" 175
"../../../Engine/Content/EngineFonts/Faces/RobotoBoldItalic.ufont" 176
"../../../Engine/Content/EngineFonts/Faces/RobotoBold.uasset" 177
"../../../Engine/Content/EngineFonts/Faces/RobotoBold.uexp" 178
"../../../Engine/Content/EngineFonts/Faces/RobotoBold.ufont" 179
"../../../Engine/Content/EngineFonts/Faces/DroidSansFallback.uasset" 180
"../../../Engine/Content/EngineFonts/Faces/DroidSansFallback.uexp" 181
"../../../Engine/Content/EngineFonts/Faces/DroidSansFallback.ufont" 182
"../../../Engine/Content/EngineFonts/Roboto.uasset" 183
"../../../Engine/Content/EngineFonts/Roboto.uexp" 184
"../../../Engine/Content/EngineMaterials/BaseFlattenNormalMap.uasset" 185
"../../../Engine/Content/EngineMaterials/BaseFlattenNormalMap.uexp" 186
"../../../Engine/Content/EngineMaterials/BaseFlattenGrayscaleMap.uasset" 187
"../../../Engine/Content/EngineMaterials/BaseFlattenGrayscaleMap.uexp" 188
"../../../Engine/Content/EngineMaterials/BaseFlattenEmissiveMap.uasset" 189
"../../../Engine/Content/EngineMaterials/BaseFlattenEmissiveMap.uexp" 190
"../../../Engine/Content/EngineMaterials/BaseFlattenDiffuseMap.uasset" 191
"../../../Engine/Content/EngineMaterials/BaseFlattenDiffuseMap.uexp" 192
"../../../Engine/Content/EngineMaterials/BaseFlattenMaterial.uasset" 193
"../../../Engine/Content/EngineMaterials/BaseFlattenMaterial.uexp" 194
"../../../Engine/Content/EngineMaterials/BlueNoise.uasset" 195
"../../../Engine/Content/EngineMaterials/BlueNoise.uexp" 196
"../../../Engine/Content/EngineMaterials/DefaultBloomKernel.uasset" 197
"../../../Engine/Content/EngineMaterials/DefaultBloomKernel.uexp" 198
"../../../Engine/Content/EngineMaterials/DefaultBokeh.uasset" 199
"../../../Engine/Content/EngineMaterials/DefaultBokeh.uexp" 200
"../../../Engine/Content/EngineMaterials/DefaultDiffuse.uasset" 201
"../../../Engine/Content/EngineMaterials/DefaultDiffuse.uexp" 202
"../../../Engine/Content/EngineMaterials/DefaultDiffuse.ubulk" 203
"../../../Engine/Content/EngineMaterials/DefaultDeferredDecalMaterial.uasset" 204
"../../../Engine/Content/EngineMaterials/DefaultDeferredDecalMaterial.uexp" 205
"../../../Engine/Content/EngineMaterials/DefaultLightFunctionMaterial.uasset" 206
"../../../Engine/Content/EngineMaterials/DefaultLightFunctionMaterial.uexp" 207
"../../../Engine/Content/EngineMaterials/DefaultPhysicalMaterial.uasset" 208
"../../../Engine/Content/EngineMaterials/DefaultPhysicalMaterial.uexp" 209
"../../../Engine/Content/Functions/Engine_MaterialFunctions02/Utility/BreakOutFloat2Components.uasset" 210
"../../../Engine/Content/Functions/Engine_MaterialFunctions02/Utility/BreakOutFloat2Components.uexp" 211
"../../../Engine/Content/EngineMaterials/DefaultPostProcessMaterial.uasset" 212
"../../../Engine/Content/EngineMaterials/DefaultPostProcessMaterial.uexp" 213
"../../../Engine/Content/EngineFonts/RobotoDistanceField.uasset" 214
"../../../Engine/Content/EngineFonts/RobotoDistanceField.uexp" 215
"../../../Engine/Content/EngineMaterials/DefaultTextMaterialOpaque.uasset" 216
"../../../Engine/Content/EngineMaterials/DefaultTextMaterialOpaque.uexp" 217
"../../../Engine/Content/EngineMaterials/DefaultWhiteGrid.uasset" 218
"../../../Engine/Content/EngineMaterials/DefaultWhiteGrid.uexp" 219
"../../../Engine/Content/EngineMaterials/DefaultWhiteGrid.ubulk" 220
"../../../Engine/Content/EngineMaterials/DefaultWhiteGrid_Low.uasset" 221
"../../../Engine/Content/EngineMaterials/DefaultWhiteGrid_Low.uexp" 222
"../../../Engine/Content/EngineMaterials/EmissiveMeshMaterial.uasset" 223
"../../../Engine/Content/EngineMaterials/EmissiveMeshMaterial.uexp" 224
"../../../Engine/Content/EngineMaterials/GizmoMaterial.uasset" 225
"../../../Engine/Content/EngineMaterials/GizmoMaterial.uexp" 226
"../../../Engine/Content/EngineMaterials/Good64x64TilingNoiseHighFreq.uasset" 227
"../../../Engine/Content/EngineMaterials/Good64x64TilingNoiseHighFreq.uexp" 228
"../../../Engine/Content/EngineMaterials/MiniFont.uasset" 229
"../../../Engine/Content/EngineMaterials/MiniFont.uexp" 230
"../../../Engine/Content/EngineMaterials/InvalidLightmapSettings.uasset" 231
"../../../Engine/Content/EngineMaterials/InvalidLightmapSettings.uexp" 232
"../../../Engine/Content/EngineMaterials/InvalidLightmapSettings.ubulk" 233
"../../../Engine/Content/EngineMaterials/M_InvalidLightmapSettings.uasset" 234
"../../../Engine/Content/EngineMaterials/M_InvalidLightmapSettings.uexp" 235
"../../../Engine/Content/Functions/Engine_MaterialFunctions02/WorldPositionOffset/CameraOffset.uasset" 236
"../../../Engine/Content/Functions/Engine_MaterialFunctions02/WorldPositionOffset/CameraOffset.uexp" 237
"../../../Engine/Content/EngineMaterials/PhAT_JointLimitMaterial.uasset" 238
"../../../Engine/Content/EngineMaterials/PhAT_JointLimitMaterial.uexp" 239
"../../../Engine/Content/EngineMaterials/DefaultCalibrationColor.uasset" 240
"../../../Engine/Content/EngineMaterials/DefaultCalibrationColor.uexp" 241
"../../../Engine/Content/EngineMaterials/PPM_DefaultCalibrationColor.uasset" 242
"../../../Engine/Content/EngineMaterials/PPM_DefaultCalibrationColor.uexp" 243
"../../../Engine/Content/EngineMaterials/DefaultCalibrationGrayscale.uasset" 244
"../../../Engine/Content/EngineMaterials/DefaultCalibrationGrayscale.uexp" 245
"../../../Engine/Content/EngineMaterials/PPM_DefaultCalibrationGrayscale.uasset" 246
"../../../Engine/Content/EngineMaterials/PPM_DefaultCalibrationGrayscale.uexp" 247
"../../../Engine/Content/EngineMaterials/PreintegratedSkinBRDF.uasset" 248
"../../../Engine/Content/EngineMaterials/PreintegratedSkinBRDF.uexp" 249
"../../../Engine/Content/EngineMaterials/RemoveSurfaceMaterial.uasset" 250
"../../../Engine/Content/EngineMaterials/RemoveSurfaceMaterial.uexp" 251
"../../../Engine/Content/EngineMaterials/WeightMapPlaceholderTexture.uasset" 252
"../../../Engine/Content/EngineMaterials/WeightMapPlaceholderTexture.uexp" 253
"../../../Engine/Content/EngineResources/WhiteSquareTexture.uasset" 254
"../../../Engine/Content/EngineResources/WhiteSquareTexture.uexp" 255
"../../../Engine/Content/EngineMaterials/Widget3DPassThrough.uasset" 256
"../../../Engine/Content/EngineMaterials/Widget3DPassThrough.uexp" 257
"../../../Engine/Content/EngineMaterials/Widget3DPassThrough_Masked.uasset" 258
"../../../Engine/Content/EngineMaterials/Widget3DPassThrough_Masked.uexp" 259
"../../../Engine/Content/EngineMaterials/Widget3DPassThrough_Opaque.uasset" 260
"../../../Engine/Content/EngineMaterials/Widget3DPassThrough_Opaque.uexp" 261
"../../../Engine/Content/EngineMaterials/Widget3DPassThrough_Masked_OneSided.uasset" 262
"../../../Engine/Content/EngineMaterials/Widget3DPassThrough_Masked_OneSided.uexp" 263
"../../../Engine/Content/EngineMaterials/Widget3DPassThrough_Opaque_OneSided.uasset" 264
"../../../Engine/Content/EngineMaterials/Widget3DPassThrough_Opaque_OneSided.uexp" 265
"../../../Engine/Content/EngineMaterials/Widget3DPassThrough_Translucent.uasset" 266
"../../../Engine/Content/EngineMaterials/Widget3DPassThrough_Translucent.uexp" 267
"../../../Engine/Content/EngineMaterials/Widget3DPassThrough_Translucent_OneSided.uasset" 268
"../../../Engine/Content/EngineMaterials/Widget3DPassThrough_Translucent_OneSided.uexp" 269
"../../../Engine/Content/EngineMeshes/Cylinder.uasset" 270
"../../../Engine/Content/EngineMeshes/Cylinder.uexp" 271
"../../../Engine/Content/EngineMeshes/Sphere.uasset" 272
"../../../Engine/Content/EngineMeshes/Sphere.uexp" 273
"../../../Engine/Content/EngineResources/DefaultTexture.uasset" 274
"../../../Engine/Content/EngineResources/DefaultTexture.uexp" 275
"../../../Engine/Content/EngineResources/DefaultTexture.ubulk" 276
"../../../Engine/Content/EngineResources/DefaultTextureCube.uasset" 277
"../../../Engine/Content/EngineResources/DefaultTextureCube.uexp" 278
"../../../Engine/Content/EngineResources/DefaultVolumeTexture2D.uasset" 279
"../../../Engine/Content/EngineResources/DefaultVolumeTexture2D.uexp" 280
"../../../Engine/Content/EngineResources/DefaultVolumeTexture.uasset" 281
"../../../Engine/Content/EngineResources/DefaultVolumeTexture.uexp" 282
"../../../Engine/Content/EngineResources/GradientTexture0.uasset" 283
"../../../Engine/Content/EngineResources/GradientTexture0.uexp" 284
"../../../Engine/Content/EngineSky/VolumetricClouds/T_NoiseShape64.uasset" 285
"../../../Engine/Content/EngineSky/VolumetricClouds/T_NoiseShape64.uexp" 286
"../../../Engine/Content/EngineSky/VolumetricClouds/T_NoiseShape64.ubulk" 287
"../../../Engine/Content/EngineSky/VolumetricClouds/T_VolumeNoiseShape64.uasset" 288
"../../../Engine/Content/EngineSky/VolumetricClouds/T_VolumeNoiseShape64.uexp" 289
"../../../Engine/Content/EngineSky/VolumetricClouds/T_NoiseErosion.uasset" 290
"../../../Engine/Content/EngineSky/VolumetricClouds/T_NoiseErosion.uexp" 291
"../../../Engine/Content/EngineSky/VolumetricClouds/T_NoiseErosion.ubulk" 292
"../../../Engine/Content/EngineSky/VolumetricClouds/T_VolumeNoiseErosion32.uasset" 293
"../../../Engine/Content/EngineSky/VolumetricClouds/T_VolumeNoiseErosion32.uexp" 294
"../../../Engine/Content/EngineSky/VolumetricClouds/CloudWeatherTexture.uasset" 295
"../../../Engine/Content/EngineSky/VolumetricClouds/CloudWeatherTexture.uexp" 296
"../../../Engine/Content/EngineSky/VolumetricClouds/CloudGradientTexture.uasset" 297
"../../../Engine/Content/EngineSky/VolumetricClouds/CloudGradientTexture.uexp" 298
"../../../Engine/Content/Functions/Engine_MaterialFunctions02/Utility/MakeFloat2.uasset" 299
"../../../Engine/Content/Functions/Engine_MaterialFunctions02/Utility/MakeFloat2.uexp" 300
"../../../Engine/Content/EngineSky/VolumetricClouds/m_SimpleVolumetricCloud.uasset" 301
"../../../Engine/Content/EngineSky/VolumetricClouds/m_SimpleVolumetricCloud.uexp" 302
"../../../Engine/Content/EngineSky/VolumetricClouds/m_SimpleVolumetricCloud_Inst.uasset" 303
"../../../Engine/Content/EngineSky/VolumetricClouds/m_SimpleVolumetricCloud_Inst.uexp" 304
"../../../Engine/Content/EngineSounds/Master.uasset" 305
"../../../Engine/Content/EngineSounds/Master.uexp" 306
"../../../Engine/Content/Functions/Engine_MaterialFunctions01/Shading/PowerToRoughness.uasset" 307
"../../../Engine/Content/Functions/Engine_MaterialFunctions01/Shading/PowerToRoughness.uexp" 308
"../../../Engine/Content/Maps/Templates/Thumbnails/Default.uasset" 309
"../../../Engine/Content/Maps/Templates/Thumbnails/Default.uexp" 310
"../../../Engine/Content/Maps/Templates/Thumbnails/TimeOfDay.uasset" 311
"../../../Engine/Content/Maps/Templates/Thumbnails/TimeOfDay.uexp" 312
"../../../Engine/Content/Maps/Templates/Thumbnails/VR-Basic.uasset" 313
"../../../Engine/Content/Maps/Templates/Thumbnails/VR-Basic.uexp" 314
"../../../Engine/Content/MobileResources/T_MobileControls_texture.uasset" 315
"../../../Engine/Content/MobileResources/T_MobileControls_texture.uexp" 316
"../../../Engine/Content/MobileResources/T_MobileMenu2.uasset" 317
"../../../Engine/Content/MobileResources/T_MobileMenu2.uexp" 318
"../../../Engine/Content/MobileResources/HUD/AnalogHat.uasset" 319
"../../../Engine/Content/MobileResources/HUD/AnalogHat.uexp" 320
"../../../Engine/Content/MobileResources/HUD/VirtualJoystick_Thumb.uasset" 321
"../../../Engine/Content/MobileResources/HUD/VirtualJoystick_Thumb.uexp" 322
"../../../Engine/Content/MobileResources/HUD/VirtualJoystick_Background.uasset" 323
"../../../Engine/Content/MobileResources/HUD/VirtualJoystick_Background.uexp" 324
"../../../Engine/Content/MobileResources/HUD/DefaultVirtualJoysticks.uasset" 325
"../../../Engine/Content/MobileResources/HUD/DefaultVirtualJoysticks.uexp" 326
"../../../Engine/Content/MobileResources/HUD/LeftVirtualJoystickOnly.uasset" 327
"../../../Engine/Content/MobileResources/HUD/LeftVirtualJoystickOnly.uexp" 328
"../../../Engine/Content/MobileResources/HUD/MobileHUDButton1_off.uasset" 329
"../../../Engine/Content/MobileResources/HUD/MobileHUDButton1_off.uexp" 330
"../../../Engine/Content/MobileResources/HUD/MobileHUDButton1_on.uasset" 331
"../../../Engine/Content/MobileResources/HUD/MobileHUDButton1_on.uexp" 332
"../../../Engine/Content/MobileResources/HUD/MobileHUDButton2_off.uasset" 333
"../../../Engine/Content/MobileResources/HUD/MobileHUDButton2_off.uexp" 334
"../../../Engine/Content/MobileResources/HUD/MobileHUDButton2_on.uasset" 335
"../../../Engine/Content/MobileResources/HUD/MobileHUDButton2_on.uexp" 336
"../../../Engine/Content/MobileResources/HUD/MobileHUDButton3.uasset" 337
"../../../Engine/Content/MobileResources/HUD/MobileHUDButton3.uexp" 338
"../../../Engine/Content/MobileResources/HUD/MobileHUDButtonFire.uasset" 339
"../../../Engine/Content/MobileResources/HUD/MobileHUDButtonFire.uexp" 340
"../../../Engine/Content/MobileResources/HUD/MobileHUDDirectionPad.uasset" 341
"../../../Engine/Content/MobileResources/HUD/MobileHUDDirectionPad.uexp" 342
"../../../Engine/Content/MobileResources/HUD/MobileHUDDirectionPad2.uasset" 343
"../../../Engine/Content/MobileResources/HUD/MobileHUDDirectionPad2.uexp" 344
"../../../Engine/Content/MobileResources/HUD/MobileHUDDirectionPad3.uasset" 345
"../../../Engine/Content/MobileResources/HUD/MobileHUDDirectionPad3.uexp" 346
"../../../Engine/Content/MobileResources/HUD/MobileHUDDirectionStick.uasset" 347
"../../../Engine/Content/MobileResources/HUD/MobileHUDDirectionStick.uexp" 348
"../../../Engine/Content/MobileResources/HUD/T_Castle_ThumbstickInner.uasset" 349
"../../../Engine/Content/MobileResources/HUD/T_Castle_ThumbstickInner.uexp" 350
"../../../Engine/Content/MobileResources/HUD/T_Castle_ThumbstickOutter.uasset" 351
"../../../Engine/Content/MobileResources/HUD/T_Castle_ThumbstickOutter.uexp" 352
"../../../Engine/Content/Tutorial/ContentIntroCurve.uasset" 353
"../../../Engine/Content/Tutorial/ContentIntroCurve.uexp" 354
"../../../Engine/Content/VREditor/TransformGizmo/TranslucentTransformGizmoMaterial.uasset" 355
"../../../Engine/Content/VREditor/TransformGizmo/TranslucentTransformGizmoMaterial.uexp" 356
"../../../Engine/Content/VREditor/LaserPointer/VR_LaserPower_01.uasset" 357
"../../../Engine/Content/VREditor/LaserPointer/VR_LaserPower_01.uexp" 358
"../../../Engine/Content/VREditor/LaserPointer/VR_LaserPower_01.ubulk" 359
"../../../Engine/Content/VREditor/TransformGizmo/TransformGizmoMaterial.uasset" 360
"../../../Engine/Content/VREditor/TransformGizmo/TransformGizmoMaterial.uexp" 361
"../../../Engine/Content/VREditor/TransformGizmo/BoundingBoxCorner.uasset" 362
"../../../Engine/Content/VREditor/TransformGizmo/BoundingBoxCorner.uexp" 363
"../../../Engine/Content/VREditor/TransformGizmo/BoundingBoxEdge.uasset" 364
"../../../Engine/Content/VREditor/TransformGizmo/BoundingBoxEdge.uexp" 365
"../../../Engine/Content/VREditor/TransformGizmo/PlaneTranslationHandle.uasset" 366
"../../../Engine/Content/VREditor/TransformGizmo/PlaneTranslationHandle.uexp" 367
"../../../Engine/Content/VREditor/TransformGizmo/Xray.uasset" 368
"../../../Engine/Content/VREditor/TransformGizmo/Xray.uexp" 369
"../../../Engine/Content/VREditor/TransformGizmo/Main.uasset" 370
"../../../Engine/Content/VREditor/TransformGizmo/Main.uexp" 371
"../../../Engine/Content/VREditor/TransformGizmo/SM_Sequencer_Key.uasset" 372
"../../../Engine/Content/VREditor/TransformGizmo/SM_Sequencer_Key.uexp" 373
"../../../Engine/Content/VREditor/TransformGizmo/SM_Sequencer_Node.uasset" 374
"../../../Engine/Content/VREditor/TransformGizmo/SM_Sequencer_Node.uexp" 375
"../../../Engine/Plugins/2D/Paper2D/Content/PlaceholderTextures/DummySpriteTexture.uasset" 376
"../../../Engine/Plugins/2D/Paper2D/Content/PlaceholderTextures/DummySpriteTexture.uexp" 377
"../../../Engine/Plugins/2D/Paper2D/Content/PlaceholderTextures/DummySpriteTexture.ubulk" 378
"../../../Engine/Plugins/2D/Paper2D/Content/DummySprite.uasset" 379
"../../../Engine/Plugins/2D/Paper2D/Content/DummySprite.uexp" 380
"../../../Engine/Plugins/2D/Paper2D/Content/DefaultPaperTerrainMaterial.uasset" 381
"../../../Engine/Plugins/2D/Paper2D/Content/DefaultPaperTerrainMaterial.uexp" 382
"../../../Engine/Plugins/2D/Paper2D/Content/DefaultSpriteMaterial.uasset" 383
"../../../Engine/Plugins/2D/Paper2D/Content/DefaultSpriteMaterial.uexp" 384
"../../../Engine/Plugins/2D/Paper2D/Content/MaskedUnlitSpriteMaterial.uasset" 385
"../../../Engine/Plugins/2D/Paper2D/Content/MaskedUnlitSpriteMaterial.uexp" 386
"../../../Engine/Plugins/2D/Paper2D/Content/OpaqueUnlitSpriteMaterial.uasset" 387
"../../../Engine/Plugins/2D/Paper2D/Content/OpaqueUnlitSpriteMaterial.uexp" 388
"../../../Engine/Content/Functions/Engine_MaterialFunctions02/Utility/BreakOutFloat3Components.uasset" 389
"../../../Engine/Content/Functions/Engine_MaterialFunctions02/Utility/BreakOutFloat3Components.uexp" 390
"../../../Engine/Plugins/Editor/SpeedTreeImporter/Content/SpeedTree9/UnpackInteger3.uasset" 391
"../../../Engine/Plugins/Editor/SpeedTreeImporter/Content/SpeedTree9/UnpackInteger3.uexp" 392
"../../../Engine/Plugins/Editor/SpeedTreeImporter/Content/SpeedTree9/UnpackDirection.uasset" 393
"../../../Engine/Plugins/Editor/SpeedTreeImporter/Content/SpeedTree9/UnpackDirection.uexp" 394
"../../../Engine/Plugins/Editor/SpeedTreeImporter/Content/SpeedTree9/game_wind_noise.uasset" 395
"../../../Engine/Plugins/Editor/SpeedTreeImporter/Content/SpeedTree9/game_wind_noise.uexp" 396
"../../../Engine/Plugins/Editor/SpeedTreeImporter/Content/SpeedTree9/game_wind_noise.ubulk" 397
"../../../Engine/Content/Functions/Engine_MaterialFunctions02/SafeNormalize.uasset" 398
"../../../Engine/Content/Functions/Engine_MaterialFunctions02/SafeNormalize.uexp" 399
"../../../Engine/Plugins/Editor/SpeedTreeImporter/Content/SpeedTree9/SpeedTreeWindMotion.uasset" 400
"../../../Engine/Plugins/Editor/SpeedTreeImporter/Content/SpeedTree9/SpeedTreeWindMotion.uexp" 401
"../../../Engine/Plugins/Editor/SpeedTreeImporter/Content/SpeedTree9/SpeedTreeBranchMotion.uasset" 402
"../../../Engine/Plugins/Editor/SpeedTreeImporter/Content/SpeedTree9/SpeedTreeBranchMotion.uexp" 403
"../../../Engine/Content/Functions/Engine_MaterialFunctions02/ObjectLocalBounds.uasset" 404
"../../../Engine/Content/Functions/Engine_MaterialFunctions02/ObjectLocalBounds.uexp" 405
"../../../Engine/Content/Functions/Engine_MaterialFunctions02/UVs/BoundingBoxBased_0-1_UVW.uasset" 406
"../../../Engine/Content/Functions/Engine_MaterialFunctions02/UVs/BoundingBoxBased_0-1_UVW.uexp" 407
"../../../Engine/Content/Functions/Engine_MaterialFunctions02/Utility/VectorLength.uasset" 408
"../../../Engine/Content/Functions/Engine_MaterialFunctions02/Utility/VectorLength.uexp" 409
"../../../Engine/Content/Functions/Engine_MaterialFunctions02/WorldPositionOffset/ObjectScale.uasset" 410
"../../../Engine/Content/Functions/Engine_MaterialFunctions02/WorldPositionOffset/ObjectScale.uexp" 411
"../../../Engine/Plugins/Editor/SpeedTreeImporter/Content/SpeedTree9/SpeedTreeWind.uasset" 412
"../../../Engine/Plugins/Editor/SpeedTreeImporter/Content/SpeedTree9/SpeedTreeWind.uexp" 413
"../../../Engine/Plugins/Editor/SpeedTreeImporter/Content/SpeedTree9/SpeedTreeBillboard.uasset" 414
"../../../Engine/Plugins/Editor/SpeedTreeImporter/Content/SpeedTree9/SpeedTreeBillboard.uexp" 415
"../../../Engine/Plugins/Editor/SpeedTreeImporter/Content/SpeedTree9/EmptyNormal.uasset" 416
"../../../Engine/Plugins/Editor/SpeedTreeImporter/Content/SpeedTree9/EmptyNormal.uexp" 417
"../../../Engine/Plugins/Editor/SpeedTreeImporter/Content/SpeedTree9/Empty.uasset" 418
"../../../Engine/Plugins/Editor/SpeedTreeImporter/Content/SpeedTree9/Empty.uexp" 419
"../../../Engine/Plugins/Editor/SpeedTreeImporter/Content/SpeedTree9/SpeedTreeBillboardMaster.uasset" 420
"../../../Engine/Plugins/Editor/SpeedTreeImporter/Content/SpeedTree9/SpeedTreeBillboardMaster.uexp" 421
"../../../Engine/Plugins/Editor/SpeedTreeImporter/Content/SpeedTree9/SpeedTreeCameraFacing.uasset" 422
"../../../Engine/Plugins/Editor/SpeedTreeImporter/Content/SpeedTree9/SpeedTreeCameraFacing.uexp" 423
"../../../Engine/Plugins/Editor/SpeedTreeImporter/Content/SpeedTree9/SpeedTreeMaster.uasset" 424
"../../../Engine/Plugins/Editor/SpeedTreeImporter/Content/SpeedTree9/SpeedTreeMaster.uexp" 425
"../../../Engine/Content/BasicShapes/Cylinder.uasset" 426
"../../../Engine/Content/BasicShapes/Cylinder.uexp" 427
"../../../Engine/Content/ArtTools/RenderToTexture/Materials/Debug/M_Emissive_Color.uasset" 428
"../../../Engine/Content/ArtTools/RenderToTexture/Materials/Debug/M_Emissive_Color.uexp" 429
"../../../Engine/Plugins/Lumin/MagicLeapPassableWorld/Content/MagicLeapARPinInfoActor.uasset" 430
"../../../Engine/Plugins/Lumin/MagicLeapPassableWorld/Content/MagicLeapARPinInfoActor.uexp" 431
"../../../Engine/Plugins/Runtime/OpenXR/Content/Devices/GoogleDaydream/MRTexture.uasset" 432
"../../../Engine/Plugins/Runtime/OpenXR/Content/Devices/GoogleDaydream/MRTexture.uexp" 433
"../../../Engine/Plugins/Runtime/OpenXR/Content/Devices/GoogleDaydream/MRTexture.ubulk" 434
"../../../Engine/Plugins/Runtime/OpenXR/Content/Devices/GoogleDaydream/BaseTexture.uasset" 435
"../../../Engine/Plugins/Runtime/OpenXR/Content/Devices/GoogleDaydream/BaseTexture.uexp" 436
"../../../Engine/Plugins/Runtime/OpenXR/Content/Devices/GoogleDaydream/BaseTexture.ubulk" 437
"../../../Engine/Content/EngineResources/Black.uasset" 438
"../../../Engine/Content/EngineResources/Black.uexp" 439
"../../../Engine/Plugins/Runtime/OpenXR/Content/Devices/M_XRController.uasset" 440
"../../../Engine/Plugins/Runtime/OpenXR/Content/Devices/M_XRController.uexp" 441
"../../../Engine/Plugins/Runtime/OpenXR/Content/Devices/GoogleDaydream/MI_GoogleDaydream.uasset" 442
"../../../Engine/Plugins/Runtime/OpenXR/Content/Devices/GoogleDaydream/MI_GoogleDaydream.uexp" 443
"../../../Engine/Plugins/Runtime/OpenXR/Content/Devices/GoogleDaydream/GoogleDaydreamController.uasset" 444
"../../../Engine/Plugins/Runtime/OpenXR/Content/Devices/GoogleDaydream/GoogleDaydreamController.uexp" 445
"../../../Engine/Plugins/Runtime/OpenXR/Content/Devices/HTCVive/BaseTexture.uasset" 446
"../../../Engine/Plugins/Runtime/OpenXR/Content/Devices/HTCVive/BaseTexture.uexp" 447
"../../../Engine/Plugins/Runtime/OpenXR/Content/Devices/HTCVive/BaseTexture.ubulk" 448
"../../../Engine/Plugins/Runtime/OpenXR/Content/Devices/HTCVive/MI_HTCVive.uasset" 449
"../../../Engine/Plugins/Runtime/OpenXR/Content/Devices/HTCVive/MI_HTCVive.uexp" 450
"../../../Engine/Plugins/Runtime/OpenXR/Content/Devices/HTCVive/HTCViveController.uasset" 451
"../../../Engine/Plugins/Runtime/OpenXR/Content/Devices/HTCVive/HTCViveController.uexp" 452
"../../../Engine/Plugins/Runtime/OpenXR/Content/Devices/MicrosoftMixedReality/NormalTexture.uasset" 453
"../../../Engine/Plugins/Runtime/OpenXR/Content/Devices/MicrosoftMixedReality/NormalTexture.uexp" 454
"../../../Engine/Plugins/Runtime/OpenXR/Content/Devices/MicrosoftMixedReality/NormalTexture.ubulk" 455
"../../../Engine/Plugins/Runtime/OpenXR/Content/Devices/MicrosoftMixedReality/MRTexture.uasset" 456
"../../../Engine/Plugins/Runtime/OpenXR/Content/Devices/MicrosoftMixedReality/MRTexture.uexp" 457
"../../../Engine/Plugins/Runtime/OpenXR/Content/Devices/MicrosoftMixedReality/MRTexture.ubulk" 458
"../../../Engine/Plugins/Runtime/OpenXR/Content/Devices/MicrosoftMixedReality/EmissiveTexture.uasset" 459
"../../../Engine/Plugins/Runtime/OpenXR/Content/Devices/MicrosoftMixedReality/EmissiveTexture.uexp" 460
"../../../Engine/Plugins/Runtime/OpenXR/Content/Devices/MicrosoftMixedReality/EmissiveTexture.ubulk" 461
"../../../Engine/Plugins/Runtime/OpenXR/Content/Devices/MicrosoftMixedReality/BaseTexture.uasset" 462
"../../../Engine/Plugins/Runtime/OpenXR/Content/Devices/MicrosoftMixedReality/BaseTexture.uexp" 463
"../../../Engine/Plugins/Runtime/OpenXR/Content/Devices/MicrosoftMixedReality/BaseTexture.ubulk" 464
"../../../Engine/Plugins/Runtime/OpenXR/Content/Devices/MicrosoftMixedReality/MI_MicrosoftMixedReality.uasset" 465
"../../../Engine/Plugins/Runtime/OpenXR/Content/Devices/MicrosoftMixedReality/MI_MicrosoftMixedReality.uexp" 466
"../../../Engine/Plugins/Runtime/OpenXR/Content/Devices/MicrosoftMixedReality/Left/left_MicrosoftMixedRealityController.uasset" 467
"../../../Engine/Plugins/Runtime/OpenXR/Content/Devices/MicrosoftMixedReality/Left/left_MicrosoftMixedRealityController.uexp" 468
"../../../Engine/Plugins/Runtime/OpenXR/Content/Devices/MicrosoftMixedReality/Right/right_MicrosoftMixedRealityController.uasset" 469
"../../../Engine/Plugins/Runtime/OpenXR/Content/Devices/MicrosoftMixedReality/Right/right_MicrosoftMixedRealityController.uexp" 470
"../../../Engine/Plugins/Runtime/OpenXR/Content/Devices/OculusGo/BaseTexture.uasset" 471
"../../../Engine/Plugins/Runtime/OpenXR/Content/Devices/OculusGo/BaseTexture.uexp" 472
"../../../Engine/Plugins/Runtime/OpenXR/Content/Devices/OculusGo/BaseTexture.ubulk" 473
"../../../Engine/Plugins/Runtime/OpenXR/Content/Devices/OculusGo/MI_OculusGo.uasset" 474
"../../../Engine/Plugins/Runtime/OpenXR/Content/Devices/OculusGo/MI_OculusGo.uexp" 475
"../../../Engine/Plugins/Runtime/OpenXR/Content/Devices/OculusGo/OculusGoController.uasset" 476
"../../../Engine/Plugins/Runtime/OpenXR/Content/Devices/OculusGo/OculusGoController.uexp" 477
"../../../Engine/Plugins/Runtime/OpenXR/Content/Devices/OculusTouch/MRTexture.uasset" 478
"../../../Engine/Plugins/Runtime/OpenXR/Content/Devices/OculusTouch/MRTexture.uexp" 479
"../../../Engine/Plugins/Runtime/OpenXR/Content/Devices/OculusTouch/MRTexture.ubulk" 480
"../../../Engine/Plugins/Runtime/OpenXR/Content/Devices/OculusTouch/BaseTexture.uasset" 481
"../../../Engine/Plugins/Runtime/OpenXR/Content/Devices/OculusTouch/BaseTexture.uexp" 482
"../../../Engine/Plugins/Runtime/OpenXR/Content/Devices/OculusTouch/BaseTexture.ubulk" 483
"../../../Engine/Plugins/Runtime/OpenXR/Content/Devices/OculusTouch/MI_OculusTouch.uasset" 484
"../../../Engine/Plugins/Runtime/OpenXR/Content/Devices/OculusTouch/MI_OculusTouch.uexp" 485
"../../../Engine/Plugins/Runtime/OpenXR/Content/Devices/OculusTouch/Left/left_OculusTouchController.uasset" 486
"../../../Engine/Plugins/Runtime/OpenXR/Content/Devices/OculusTouch/Left/left_OculusTouchController.uexp" 487
"../../../Engine/Plugins/Runtime/OpenXR/Content/Devices/OculusTouch/Right/right_OculusTouchController.uasset" 488
"../../../Engine/Plugins/Runtime/OpenXR/Content/Devices/OculusTouch/Right/right_OculusTouchController.uexp" 489
"../../../Engine/Plugins/Runtime/OpenXR/Content/Devices/OculusTouch_v2/MRTexture.uasset" 490
"../../../Engine/Plugins/Runtime/OpenXR/Content/Devices/OculusTouch_v2/MRTexture.uexp" 491
"../../../Engine/Plugins/Runtime/OpenXR/Content/Devices/OculusTouch_v2/MRTexture.ubulk" 492
"../../../Engine/Plugins/Runtime/OpenXR/Content/Devices/OculusTouch_v2/BaseTexture.uasset" 493
"../../../Engine/Plugins/Runtime/OpenXR/Content/Devices/OculusTouch_v2/BaseTexture.uexp" 494
"../../../Engine/Plugins/Runtime/OpenXR/Content/Devices/OculusTouch_v2/BaseTexture.ubulk" 495
"../../../Engine/Plugins/Runtime/OpenXR/Content/Devices/OculusTouch_v2/MI_OculusTouch_v2.uasset" 496
"../../../Engine/Plugins/Runtime/OpenXR/Content/Devices/OculusTouch_v2/MI_OculusTouch_v2.uexp" 497
"../../../Engine/Plugins/Runtime/OpenXR/Content/Devices/OculusTouch_v2/Left/left_OculusTouch_v2Controller.uasset" 498
"../../../Engine/Plugins/Runtime/OpenXR/Content/Devices/OculusTouch_v2/Left/left_OculusTouch_v2Controller.uexp" 499
"../../../Engine/Plugins/Runtime/OpenXR/Content/Devices/OculusTouch_v2/Right/right_OculusTouch_v2Controller.uasset" 500
"../../../Engine/Plugins/Runtime/OpenXR/Content/Devices/OculusTouch_v2/Right/right_OculusTouch_v2Controller.uexp" 501
"../../../Engine/Plugins/Runtime/OpenXR/Content/Devices/OculusTouch_v3/MRTexture.uasset" 502
"../../../Engine/Plugins/Runtime/OpenXR/Content/Devices/OculusTouch_v3/MRTexture.uexp" 503
"../../../Engine/Plugins/Runtime/OpenXR/Content/Devices/OculusTouch_v3/MRTexture.ubulk" 504
"../../../Engine/Plugins/Runtime/OpenXR/Content/Devices/OculusTouch_v3/BaseTexture.uasset" 505
"../../../Engine/Plugins/Runtime/OpenXR/Content/Devices/OculusTouch_v3/BaseTexture.uexp" 506
"../../../Engine/Plugins/Runtime/OpenXR/Content/Devices/OculusTouch_v3/BaseTexture.ubulk" 507
"../../../Engine/Plugins/Runtime/OpenXR/Content/Devices/OculusTouch_v3/MI_OculusTouch_v3.uasset" 508
"../../../Engine/Plugins/Runtime/OpenXR/Content/Devices/OculusTouch_v3/MI_OculusTouch_v3.uexp" 509
"../../../Engine/Plugins/Runtime/OpenXR/Content/Devices/OculusTouch_v3/Left/left_OculusTouch_v3Controller.uasset" 510
"../../../Engine/Plugins/Runtime/OpenXR/Content/Devices/OculusTouch_v3/Left/left_OculusTouch_v3Controller.uexp" 511
"../../../Engine/Plugins/Runtime/OpenXR/Content/Devices/OculusTouch_v3/Right/right_OculusTouch_v3Controller.uasset" 512
"../../../Engine/Plugins/Runtime/OpenXR/Content/Devices/OculusTouch_v3/Right/right_OculusTouch_v3Controller.uexp" 513
"../../../Engine/Plugins/Runtime/OpenXR/Content/Devices/ValveIndex/MRTexture.uasset" 514
"../../../Engine/Plugins/Runtime/OpenXR/Content/Devices/ValveIndex/MRTexture.uexp" 515
"../../../Engine/Plugins/Runtime/OpenXR/Content/Devices/ValveIndex/MRTexture.ubulk" 516
"../../../Engine/Plugins/Runtime/OpenXR/Content/Devices/ValveIndex/BaseTexture.uasset" 517
"../../../Engine/Plugins/Runtime/OpenXR/Content/Devices/ValveIndex/BaseTexture.uexp" 518
"../../../Engine/Plugins/Runtime/OpenXR/Content/Devices/ValveIndex/BaseTexture.ubulk" 519
"../../../Engine/Plugins/Runtime/OpenXR/Content/Devices/ValveIndex/Left/MI_left_ValveIndex.uasset" 520
"../../../Engine/Plugins/Runtime/OpenXR/Content/Devices/ValveIndex/Left/MI_left_ValveIndex.uexp" 521
"../../../Engine/Plugins/Runtime/OpenXR/Content/Devices/ValveIndex/Left/left_ValveIndexController.uasset" 522
"../../../Engine/Plugins/Runtime/OpenXR/Content/Devices/ValveIndex/Left/left_ValveIndexController.uexp" 523
"../../../Engine/Plugins/Runtime/OpenXR/Content/Devices/ValveIndex/Right/MI_right_ValveIndex.uasset" 524
"../../../Engine/Plugins/Runtime/OpenXR/Content/Devices/ValveIndex/Right/MI_right_ValveIndex.uexp" 525
"../../../Engine/Plugins/Runtime/OpenXR/Content/Devices/ValveIndex/Right/right_ValveIndexController.uasset" 526
"../../../Engine/Plugins/Runtime/OpenXR/Content/Devices/ValveIndex/Right/right_ValveIndexController.uexp" 527
"../../../Engine/Content/Functions/Engine_MaterialFunctions02/Utility/BreakOutFloat4Components.uasset" 528
"../../../Engine/Content/Functions/Engine_MaterialFunctions02/Utility/BreakOutFloat4Components.uexp" 529
"../../../Engine/Content/Functions/Engine_MaterialFunctions02/Utility/MakeFloat3.uasset" 530
"../../../Engine/Content/Functions/Engine_MaterialFunctions02/Utility/MakeFloat3.uexp" 531
"../../../Engine/Plugins/Runtime/Oculus/OculusVR/Content/Materials/OculusMR_ChromaKey.uasset" 532
"../../../Engine/Plugins/Runtime/Oculus/OculusVR/Content/Materials/OculusMR_ChromaKey.uexp" 533
"../../../Engine/Plugins/Runtime/Oculus/OculusVR/Content/Materials/OculusMR_OpaqueColoredMaterial.uasset" 534
"../../../Engine/Plugins/Runtime/Oculus/OculusVR/Content/Materials/OculusMR_OpaqueColoredMaterial.uexp" 535
"../../../Engine/Plugins/Runtime/Oculus/OculusVR/Content/Materials/PokeAHoleMaterial.uasset" 536
"../../../Engine/Plugins/Runtime/Oculus/OculusVR/Content/Materials/PokeAHoleMaterial.uexp" 537
"../../../Engine/Plugins/Runtime/Oculus/OculusVR/Content/Textures/touchController_controlmap.uasset" 538
"../../../Engine/Plugins/Runtime/Oculus/OculusVR/Content/Textures/touchController_controlmap.uexp" 539
"../../../Engine/Plugins/Runtime/Oculus/OculusVR/Content/Textures/touchController_controlmap.ubulk" 540
"../../../Engine/Plugins/Runtime/Oculus/OculusVR/Content/Textures/touchController_albedo.uasset" 541
"../../../Engine/Plugins/Runtime/Oculus/OculusVR/Content/Textures/touchController_albedo.uexp" 542
"../../../Engine/Plugins/Runtime/Oculus/OculusVR/Content/Textures/touchController_albedo.ubulk" 543
"../../../Engine/Plugins/Runtime/Oculus/OculusVR/Content/Materials/touchController_mat.uasset" 544
"../../../Engine/Plugins/Runtime/Oculus/OculusVR/Content/Materials/touchController_mat.uexp" 545
"../../../Engine/Plugins/Runtime/Oculus/OculusVR/Content/Meshes/LeftTouchController.uasset" 546
"../../../Engine/Plugins/Runtime/Oculus/OculusVR/Content/Meshes/LeftTouchController.uexp" 547
"../../../Engine/Plugins/Runtime/Oculus/OculusVR/Content/Textures/TouchForQuestRiftSController_albedo.uasset" 548
"../../../Engine/Plugins/Runtime/Oculus/OculusVR/Content/Textures/TouchForQuestRiftSController_albedo.uexp" 549
"../../../Engine/Plugins/Runtime/Oculus/OculusVR/Content/Textures/TouchForQuestRiftSController_albedo.ubulk" 550
"../../../Engine/Plugins/Runtime/Oculus/OculusVR/Content/Materials/TouchForQuestRiftSControllerMaterial.uasset" 551
"../../../Engine/Plugins/Runtime/Oculus/OculusVR/Content/Materials/TouchForQuestRiftSControllerMaterial.uexp" 552
"../../../Engine/Plugins/Runtime/Oculus/OculusVR/Content/Meshes/LeftTouchForQuestRiftSController.uasset" 553
"../../../Engine/Plugins/Runtime/Oculus/OculusVR/Content/Meshes/LeftTouchForQuestRiftSController.uexp" 554
"../../../Engine/Plugins/Runtime/Oculus/OculusVR/Content/Meshes/RiftHMD.uasset" 555
"../../../Engine/Plugins/Runtime/Oculus/OculusVR/Content/Meshes/RiftHMD.uexp" 556
"../../../Engine/Plugins/Runtime/Oculus/OculusVR/Content/Meshes/RightTouchController.uasset" 557
"../../../Engine/Plugins/Runtime/Oculus/OculusVR/Content/Meshes/RightTouchController.uexp" 558
"../../../Engine/Plugins/Runtime/Oculus/OculusVR/Content/Meshes/RightTouchForQuestRiftSController.uasset" 559
"../../../Engine/Plugins/Runtime/Oculus/OculusVR/Content/Meshes/RightTouchForQuestRiftSController.uexp" 560
"../../../Engine/Content/MapTemplates/SM_Template_Map_Floor.uasset" 561
"../../../Engine/Content/MapTemplates/SM_Template_Map_Floor.uexp" 562
"../../../Engine/Content/EngineSky/T_Sky_Stars.uasset" 563
"../../../Engine/Content/EngineSky/T_Sky_Stars.uexp" 564
"../../../Engine/Content/EngineSky/T_Sky_Stars.ubulk" 565
"../../../Engine/Content/EngineSky/T_Sky_Clouds_M.uasset" 566
"../../../Engine/Content/EngineSky/T_Sky_Clouds_M.uexp" 567
"../../../Engine/Content/EngineSky/T_Sky_Clouds_M.ubulk" 568
"../../../Engine/Content/EngineSky/T_Sky_Blue.uasset" 569
"../../../Engine/Content/EngineSky/T_Sky_Blue.uexp" 570
"../../../Engine/Content/EngineSky/T_Sky_Blue.ubulk" 571
"../../../Engine/Content/EngineSky/M_Sky_Panning_Clouds2.uasset" 572
"../../../Engine/Content/EngineSky/M_Sky_Panning_Clouds2.uexp" 573
"../../../Engine/Content/EditorBlueprintResources/StandardMacros.uasset" 574
"../../../Engine/Content/EditorBlueprintResources/StandardMacros.uexp" 575
"D:/projects/STU/Content/External_Content/Animations/TTP_Animations/RoadieRun_Fwd.uasset" 576
"D:/projects/STU/Content/External_Content/Animations/TTP_Animations/RoadieRun_Fwd.uexp" 577
"D:/projects/STU/Content/Player/Animations/BlendSpace_Run.uasset" 578
"D:/projects/STU/Content/Player/Animations/BlendSpace_Run.uexp" 579
"D:/projects/STU/Content/External_Content/Animations/TTP_Animations/Run_Rt.uasset" 580
"D:/projects/STU/Content/External_Content/Animations/TTP_Animations/Run_Rt.uexp" 581
"D:/projects/STU/Content/External_Content/Animations/TTP_Animations/Run_Lt.uasset" 582
"D:/projects/STU/Content/External_Content/Animations/TTP_Animations/Run_Lt.uexp" 583
"D:/projects/STU/Content/External_Content/Animations/TTP_Animations/Run_Fwd.uasset" 584
"D:/projects/STU/Content/External_Content/Animations/TTP_Animations/Run_Fwd.uexp" 585
"D:/projects/STU/Content/External_Content/Animations/TTP_Animations/Run_Bwd.uasset" 586
"D:/projects/STU/Content/External_Content/Animations/TTP_Animations/Run_Bwd.uexp" 587
"D:/projects/STU/Content/Player/Animations/BS_LocalMotion_Walk2.uasset" 588
"D:/projects/STU/Content/Player/Animations/BS_LocalMotion_Walk2.uexp" 589
"D:/projects/STU/Content/External_Content/Animations/TTP_Animations/JumpStart.uasset" 590
"D:/projects/STU/Content/External_Content/Animations/TTP_Animations/JumpStart.uexp" 591
"D:/projects/STU/Content/External_Content/Animations/TTP_Animations/JumpLoop.uasset" 592
"D:/projects/STU/Content/External_Content/Animations/TTP_Animations/JumpLoop.uexp" 593
"D:/projects/STU/Content/External_Content/Animations/TTP_Animations/JumpEnd.uasset" 594
"D:/projects/STU/Content/External_Content/Animations/TTP_Animations/JumpEnd.uexp" 595
"D:/projects/STU/Content/Player/Animations/BaseCharacter.uasset" 596
"D:/projects/STU/Content/Player/Animations/BaseCharacter.uexp" 597
"D:/projects/STU/Content/External_Content/Characters/Textures/Tiles/T_Sctraches_01.uasset" 598
"D:/projects/STU/Content/External_Content/Characters/Textures/Tiles/T_Sctraches_01.uexp" 599
"D:/projects/STU/Content/External_Content/Characters/Textures/Tiles/T_Sctraches_01.ubulk" 600
"D:/projects/STU/Content/External_Content/Characters/Textures/Chr_FPS_N.uasset" 601
"D:/projects/STU/Content/External_Content/Characters/Textures/Chr_FPS_N.uexp" 602
"D:/projects/STU/Content/External_Content/Characters/Textures/Chr_FPS_Metal_02.uasset" 603
"D:/projects/STU/Content/External_Content/Characters/Textures/Chr_FPS_Metal_02.uexp" 604
"D:/projects/STU/Content/External_Content/Characters/Textures/Chr_FPS_Metal_02.ubulk" 605
"D:/projects/STU/Content/External_Content/Characters/Textures/Chr_FPS_Metal_01.uasset" 606
"D:/projects/STU/Content/External_Content/Characters/Textures/Chr_FPS_Metal_01.uexp" 607
"D:/projects/STU/Content/External_Content/Characters/Textures/Chr_FPS_Metal_01.ubulk" 608
"D:/projects/STU/Content/External_Content/Characters/Textures/Chr_FPS_M_03tga.uasset" 609
"D:/projects/STU/Content/External_Content/Characters/Textures/Chr_FPS_M_03tga.uexp" 610
"D:/projects/STU/Content/External_Content/Characters/Textures/Chr_FPS_M_03tga.ubulk" 611
"D:/projects/STU/Content/External_Content/Characters/Textures/Chr_FPS_M.uasset" 612
"D:/projects/STU/Content/External_Content/Characters/Textures/Chr_FPS_M.uexp" 613
"D:/projects/STU/Content/External_Content/Characters/Textures/Chr_FPS_M.ubulk" 614
"D:/projects/STU/Content/External_Content/Characters/Textures/Chr_FPS_Fabric_N_01.uasset" 615
"D:/projects/STU/Content/External_Content/Characters/Textures/Chr_FPS_Fabric_N_01.uexp" 616
"D:/projects/STU/Content/External_Content/Characters/Textures/Chr_FPS_Fabric_N_01.ubulk" 617
"D:/projects/STU/Content/External_Content/Characters/Textures/Chr_FPS_D.uasset" 618
"D:/projects/STU/Content/External_Content/Characters/Textures/Chr_FPS_D.uexp" 619
"D:/projects/STU/Content/External_Content/Characters/Textures/Chr_FPS_D.ubulk" 620
"D:/projects/STU/Content/External_Content/Characters/Textures/Chr_FPS_02_M.uasset" 621
"D:/projects/STU/Content/External_Content/Characters/Textures/Chr_FPS_02_M.uexp" 622
"D:/projects/STU/Content/External_Content/Characters/Textures/Chr_FPS_02_M.ubulk" 623
"../../../Engine/Content/Functions/Engine_MaterialFunctions01/Texturing/FlattenNormal.uasset" 624
"../../../Engine/Content/Functions/Engine_MaterialFunctions01/Texturing/FlattenNormal.uexp" 625
"D:/projects/STU/Content/External_Content/Characters/Materials/ML_Rubber_light.uasset" 626
"D:/projects/STU/Content/External_Content/Characters/Materials/ML_Rubber_light.uexp" 627
"D:/projects/STU/Content/External_Content/Characters/Materials/ML_Rubber_dark.uasset" 628
"D:/projects/STU/Content/External_Content/Characters/Materials/ML_Rubber_dark.uexp" 629
"D:/projects/STU/Content/External_Content/Characters/Materials/ML_Metal_Painted.uasset" 630
"D:/projects/STU/Content/External_Content/Characters/Materials/ML_Metal_Painted.uexp" 631
"D:/projects/STU/Content/External_Content/Characters/Materials/ML_Metal_light.uasset" 632
"D:/projects/STU/Content/External_Content/Characters/Materials/ML_Metal_light.uexp" 633
"D:/projects/STU/Content/External_Content/Characters/Materials/ML_Glass.uasset" 634
"D:/projects/STU/Content/External_Content/Characters/Materials/ML_Glass.uexp" 635
"D:/projects/STU/Content/External_Content/Characters/Materials/ML_Emissive_Custom.uasset" 636
"D:/projects/STU/Content/External_Content/Characters/Materials/ML_Emissive_Custom.uexp" 637
"D:/projects/STU/Content/External_Content/Characters/Materials/ML_Base.uasset" 638
"D:/projects/STU/Content/External_Content/Characters/Materials/ML_Base.uexp" 639
"../../../Engine/Content/Functions/MaterialLayerFunctions/MatLayerBlend_TintAllChannels.uasset" 640
"../../../Engine/Content/Functions/MaterialLayerFunctions/MatLayerBlend_TintAllChannels.uexp" 641
"../../../Engine/Content/Functions/MaterialLayerFunctions/MatLayerBlend_Standard.uasset" 642
"../../../Engine/Content/Functions/MaterialLayerFunctions/MatLayerBlend_Standard.uexp" 643
"../../../Engine/Content/Functions/Engine_MaterialFunctions02/Utility/BlendAngleCorrectedNormals.uasset" 644
"../../../Engine/Content/Functions/Engine_MaterialFunctions02/Utility/BlendAngleCorrectedNormals.uexp" 645
"../../../Engine/Content/Functions/MaterialLayerFunctions/MatLayerBlend_BakedNormal.uasset" 646
"../../../Engine/Content/Functions/MaterialLayerFunctions/MatLayerBlend_BakedNormal.uexp" 647
"D:/projects/STU/Content/External_Content/Characters/Materials/HeroTPP.uasset" 648
"D:/projects/STU/Content/External_Content/Characters/Materials/HeroTPP.uexp" 649
"D:/projects/STU/Content/External_Content/Characters/HeroTPP/HeroTPP_Physics.uasset" 650
"D:/projects/STU/Content/External_Content/Characters/HeroTPP/HeroTPP_Physics.uexp" 651
"D:/projects/STU/Content/External_Content/Characters/HeroTPP/HeroTPP.uasset" 652
"D:/projects/STU/Content/External_Content/Characters/HeroTPP/HeroTPP.uexp" 653
"D:/projects/STU/Content/Player/BP_STUBaseCharacter.uasset" 654
"D:/projects/STU/Content/Player/BP_STUBaseCharacter.uexp" 655
"D:/projects/STU/Content/Player/BP_STUPlayerController.uasset" 656
"D:/projects/STU/Content/Player/BP_STUPlayerController.uexp" 657
"D:/projects/STU/Content/BP_STU_GameModeBase.uasset" 658
"D:/projects/STU/Content/BP_STU_GameModeBase.uexp" 659
"../../../Engine/Content/EngineSky/SM_SkySphere.uasset" 660
"../../../Engine/Content/EngineSky/SM_SkySphere.uexp" 661
"../../../Engine/Content/EngineSky/C_Sky_Zenith_Color.uasset" 662
"../../../Engine/Content/EngineSky/C_Sky_Zenith_Color.uexp" 663
"../../../Engine/Content/EngineSky/C_Sky_Horizon_Color.uasset" 664
"../../../Engine/Content/EngineSky/C_Sky_Horizon_Color.uexp" 665
"../../../Engine/Content/EngineSky/C_Sky_Cloud_Color.uasset" 666
"../../../Engine/Content/EngineSky/C_Sky_Cloud_Color.uexp" 667
"../../../Engine/Content/EngineSky/BP_Sky_Sphere.uasset" 668
"../../../Engine/Content/EngineSky/BP_Sky_Sphere.uexp" 669
"D:/projects/STU/Content/STU_Map_BuiltData.uasset" 670
"D:/projects/STU/Content/STU_Map_BuiltData.uexp" 671
"D:/projects/STU/Content/STU_Map_BuiltData.ubulk" 672
"D:/projects/STU/Content/STU_Map.uexp" 673
"D:/projects/STU/Content/STU_Map.umap" 674
"D:/projects/STU/Content/Untitled.uexp" 675
"D:/projects/STU/Content/Untitled.umap" 676
"../../../Engine/Content/Maps/Entry_BuiltData.uasset" 677
"../../../Engine/Content/Maps/Entry_BuiltData.uexp" 678
"../../../Engine/Content/Maps/Entry.uexp" 679
"../../../Engine/Content/Maps/Entry.umap" 680
